<?xml version="1.0" encoding="UTF-8"?>
<!-- Generated by org.testng.reporters.JUnitReportReporter -->
<testsuite skipped="0" hostname="abf525a35e5a" name="com.searchmodule.tests.SearchTest" tests="4" failures="0" timestamp="16 Mar 2019 22:38:26 GMT" time="10.693" errors="0">
  <testcase name="search" time="2.949" classname="com.searchmodule.tests.SearchTest"/>
  <testcase name="search" time="2.610" classname="com.searchmodule.tests.SearchTest"/>
  <testcase name="search" time="2.858" classname="com.searchmodule.tests.SearchTest"/>
  <testcase name="search" time="2.276" classname="com.searchmodule.tests.SearchTest"/>
</testsuite> <!-- com.searchmodule.tests.SearchTest -->
