<?xml version="1.0" encoding="UTF-8"?>
<!-- Generated by org.testng.reporters.JUnitReportReporter -->
<testsuite skipped="0" hostname="a49c292b1d42" name="com.searchmodule.tests.SearchTest" tests="4" failures="0" timestamp="16 Mar 2019 23:02:56 GMT" time="20.144" errors="0">
  <testcase name="search" time="6.833" classname="com.searchmodule.tests.SearchTest"/>
  <testcase name="search" time="3.453" classname="com.searchmodule.tests.SearchTest"/>
  <testcase name="search" time="5.592" classname="com.searchmodule.tests.SearchTest"/>
  <testcase name="search" time="4.266" classname="com.searchmodule.tests.SearchTest"/>
</testsuite> <!-- com.searchmodule.tests.SearchTest -->
