<?xml version="1.0" encoding="UTF-8"?>
<!-- Generated by org.testng.reporters.JUnitReportReporter -->
<testsuite skipped="0" hostname="949686eb507a" name="com.searchmodule.tests.SearchTest" tests="4" failures="0" timestamp="16 Mar 2019 23:02:51 GMT" time="21.412" errors="0">
  <testcase name="search" time="4.206" classname="com.searchmodule.tests.SearchTest"/>
  <testcase name="search" time="4.694" classname="com.searchmodule.tests.SearchTest"/>
  <testcase name="search" time="8.001" classname="com.searchmodule.tests.SearchTest"/>
  <testcase name="search" time="4.511" classname="com.searchmodule.tests.SearchTest"/>
</testsuite> <!-- com.searchmodule.tests.SearchTest -->
