<?xml version="1.0" encoding="UTF-8"?>
<!-- Generated by org.testng.reporters.JUnitReportReporter -->
<testsuite skipped="0" hostname="4f5267f3cb0f" name="com.newtours.tests.BookFlightTest" tests="20" failures="0" timestamp="16 Mar 2019 22:38:38 GMT" time="29.040" errors="0">
  <testcase name="registrationConfirmationPage" time="0.576" classname="com.newtours.tests.BookFlightTest"/>
  <testcase name="flightConfirmationPage" time="1.000" classname="com.newtours.tests.BookFlightTest"/>
  <testcase name="findFlightPage" time="1.785" classname="com.newtours.tests.BookFlightTest"/>
  <testcase name="flightDetailsPage" time="0.820" classname="com.newtours.tests.BookFlightTest"/>
  <testcase name="registrationPage" time="2.627" classname="com.newtours.tests.BookFlightTest"/>
  <testcase name="flightConfirmationPage" time="1.053" classname="com.newtours.tests.BookFlightTest"/>
  <testcase name="registrationPage" time="2.599" classname="com.newtours.tests.BookFlightTest"/>
  <testcase name="flightConfirmationPage" time="1.006" classname="com.newtours.tests.BookFlightTest"/>
  <testcase name="registrationConfirmationPage" time="0.931" classname="com.newtours.tests.BookFlightTest"/>
  <testcase name="flightConfirmationPage" time="1.235" classname="com.newtours.tests.BookFlightTest"/>
  <testcase name="flightDetailsPage" time="0.815" classname="com.newtours.tests.BookFlightTest"/>
  <testcase name="registrationConfirmationPage" time="0.837" classname="com.newtours.tests.BookFlightTest"/>
  <testcase name="findFlightPage" time="1.627" classname="com.newtours.tests.BookFlightTest"/>
  <testcase name="registrationPage" time="2.890" classname="com.newtours.tests.BookFlightTest"/>
  <testcase name="findFlightPage" time="1.705" classname="com.newtours.tests.BookFlightTest"/>
  <testcase name="flightDetailsPage" time="0.750" classname="com.newtours.tests.BookFlightTest"/>
  <testcase name="registrationPage" time="3.326" classname="com.newtours.tests.BookFlightTest"/>
  <testcase name="findFlightPage" time="1.688" classname="com.newtours.tests.BookFlightTest"/>
  <testcase name="registrationConfirmationPage" time="0.769" classname="com.newtours.tests.BookFlightTest"/>
  <testcase name="flightDetailsPage" time="1.001" classname="com.newtours.tests.BookFlightTest"/>
</testsuite> <!-- com.newtours.tests.BookFlightTest -->
