<?xml version="1.0" encoding="UTF-8"?>
<!-- Generated by org.testng.reporters.JUnitReportReporter -->
<testsuite skipped="0" hostname="225c7a9243f2" name="com.newtours.tests.BookFlightTest" tests="20" failures="0" timestamp="16 Mar 2019 23:03:07 GMT" time="34.347" errors="0">
  <testcase name="registrationPage" time="5.011" classname="com.newtours.tests.BookFlightTest"/>
  <testcase name="findFlightPage" time="1.812" classname="com.newtours.tests.BookFlightTest"/>
  <testcase name="flightDetailsPage" time="1.356" classname="com.newtours.tests.BookFlightTest"/>
  <testcase name="flightConfirmationPage" time="1.810" classname="com.newtours.tests.BookFlightTest"/>
  <testcase name="registrationConfirmationPage" time="0.863" classname="com.newtours.tests.BookFlightTest"/>
  <testcase name="findFlightPage" time="1.660" classname="com.newtours.tests.BookFlightTest"/>
  <testcase name="registrationConfirmationPage" time="0.947" classname="com.newtours.tests.BookFlightTest"/>
  <testcase name="flightConfirmationPage" time="1.409" classname="com.newtours.tests.BookFlightTest"/>
  <testcase name="registrationPage" time="2.304" classname="com.newtours.tests.BookFlightTest"/>
  <testcase name="registrationPage" time="3.497" classname="com.newtours.tests.BookFlightTest"/>
  <testcase name="findFlightPage" time="1.749" classname="com.newtours.tests.BookFlightTest"/>
  <testcase name="flightConfirmationPage" time="1.157" classname="com.newtours.tests.BookFlightTest"/>
  <testcase name="registrationPage" time="2.854" classname="com.newtours.tests.BookFlightTest"/>
  <testcase name="registrationConfirmationPage" time="0.702" classname="com.newtours.tests.BookFlightTest"/>
  <testcase name="registrationConfirmationPage" time="1.106" classname="com.newtours.tests.BookFlightTest"/>
  <testcase name="flightConfirmationPage" time="1.220" classname="com.newtours.tests.BookFlightTest"/>
  <testcase name="findFlightPage" time="1.712" classname="com.newtours.tests.BookFlightTest"/>
  <testcase name="flightDetailsPage" time="1.114" classname="com.newtours.tests.BookFlightTest"/>
  <testcase name="flightDetailsPage" time="0.897" classname="com.newtours.tests.BookFlightTest"/>
  <testcase name="flightDetailsPage" time="1.167" classname="com.newtours.tests.BookFlightTest"/>
</testsuite> <!-- com.newtours.tests.BookFlightTest -->
