<?xml version="1.0" encoding="UTF-8"?>
<!-- Generated by org.testng.reporters.JUnitReportReporter -->
<testsuite skipped="0" hostname="cb323e494314" name="com.newtours.tests.BookFlightTest" tests="20" failures="0" timestamp="16 Mar 2019 23:03:05 GMT" time="40.159" errors="0">
  <testcase name="registrationConfirmationPage" time="0.802" classname="com.newtours.tests.BookFlightTest"/>
  <testcase name="flightConfirmationPage" time="1.165" classname="com.newtours.tests.BookFlightTest"/>
  <testcase name="findFlightPage" time="1.686" classname="com.newtours.tests.BookFlightTest"/>
  <testcase name="flightDetailsPage" time="1.575" classname="com.newtours.tests.BookFlightTest"/>
  <testcase name="registrationPage" time="3.876" classname="com.newtours.tests.BookFlightTest"/>
  <testcase name="flightConfirmationPage" time="1.063" classname="com.newtours.tests.BookFlightTest"/>
  <testcase name="registrationPage" time="2.634" classname="com.newtours.tests.BookFlightTest"/>
  <testcase name="flightConfirmationPage" time="1.282" classname="com.newtours.tests.BookFlightTest"/>
  <testcase name="registrationConfirmationPage" time="0.941" classname="com.newtours.tests.BookFlightTest"/>
  <testcase name="flightConfirmationPage" time="1.791" classname="com.newtours.tests.BookFlightTest"/>
  <testcase name="flightDetailsPage" time="1.250" classname="com.newtours.tests.BookFlightTest"/>
  <testcase name="registrationConfirmationPage" time="2.173" classname="com.newtours.tests.BookFlightTest"/>
  <testcase name="findFlightPage" time="2.178" classname="com.newtours.tests.BookFlightTest"/>
  <testcase name="registrationPage" time="3.437" classname="com.newtours.tests.BookFlightTest"/>
  <testcase name="findFlightPage" time="1.843" classname="com.newtours.tests.BookFlightTest"/>
  <testcase name="flightDetailsPage" time="0.830" classname="com.newtours.tests.BookFlightTest"/>
  <testcase name="registrationPage" time="6.819" classname="com.newtours.tests.BookFlightTest"/>
  <testcase name="findFlightPage" time="1.896" classname="com.newtours.tests.BookFlightTest"/>
  <testcase name="registrationConfirmationPage" time="0.971" classname="com.newtours.tests.BookFlightTest"/>
  <testcase name="flightDetailsPage" time="1.947" classname="com.newtours.tests.BookFlightTest"/>
</testsuite> <!-- com.newtours.tests.BookFlightTest -->
